<?xml version="1.0" encoding="UTF-8"?>
<testng-results skipped="0" failed="0" total="1" passed="1">
  <reporter-output>
  </reporter-output>
  <suite name="Default suite" duration-ms="13300" started-at="2019-06-29T16:05:37Z" finished-at="2019-06-29T16:05:50Z">
    <groups>
    </groups>
    <test name="Default test" duration-ms="13300" started-at="2019-06-29T16:05:37Z" finished-at="2019-06-29T16:05:50Z">
      <class name="org.mma.training.selenium.NewTest">
        <test-method status="PASS" signature="setUp()[pri:0, instance:org.mma.training.selenium.NewTest@62ee68d8]" name="setUp" is-config="true" duration-ms="8126" started-at="2019-06-29T12:05:37Z" finished-at="2019-06-29T12:05:45Z">
          <reporter-output>
          </reporter-output>
        </test-method> <!-- setUp -->
        <test-method status="PASS" signature="testGooglePageTitleInIEBrowser()[pri:0, instance:org.mma.training.selenium.NewTest@62ee68d8]" name="testGooglePageTitleInIEBrowser" duration-ms="3353" started-at="2019-06-29T12:05:45Z" finished-at="2019-06-29T12:05:48Z">
          <reporter-output>
          </reporter-output>
        </test-method> <!-- testGooglePageTitleInIEBrowser -->
        <test-method status="PASS" signature="tearDown()[pri:0, instance:org.mma.training.selenium.NewTest@62ee68d8]" name="tearDown" is-config="true" duration-ms="1766" started-at="2019-06-29T12:05:48Z" finished-at="2019-06-29T12:05:50Z">
          <reporter-output>
          </reporter-output>
        </test-method> <!-- tearDown -->
      </class> <!-- org.mma.training.selenium.NewTest -->
    </test> <!-- Default test -->
  </suite> <!-- Default suite -->
</testng-results>
